0 info it worked if it ends with ok
1 verbose cli [
1 verbose cli   'C:\\Program Files\\nodejs\\node.exe',
1 verbose cli   'C:\\Users\\Mert Efe Işıkgör\\AppData\\Roaming\\npm\\node_modules\\npm\\bin\\npm-cli.js',
1 verbose cli   'start'
1 verbose cli ]
2 info using npm@6.14.8
3 info using node@v14.12.0
4 verbose run-script [ 'prestart', 'start', 'poststart' ]
5 info lifecycle my-appp@0.1.0~prestart: my-appp@0.1.0
6 info lifecycle my-appp@0.1.0~start: my-appp@0.1.0
7 verbose lifecycle my-appp@0.1.0~start: unsafe-perm in lifecycle true
8 verbose lifecycle my-appp@0.1.0~start: PATH: C:\Users\Mert Efe Işıkgör\AppData\Roaming\npm\node_modules\npm\node_modules\npm-lifecycle\node-gyp-bin;C:\Users\Mert Efe Işıkgör\Desktop\nyx-bar-project\node_modules\.bin;C:\Program Files\Git\mingw64\bin;C:\Program Files\Git\usr\bin;C:\Users\Mert Efe Işıkgör\bin;C:\Python38\Scripts;C:\Python38;C:\Python27;C:\Python27\Scripts;C:\WINDOWS\system32;C:\WINDOWS;C:\WINDOWS\System32\Wbem;C:\WINDOWS\System32\WindowsPowerShell\v1.0;C:\WINDOWS\System32\OpenSSH;C:\Program Files\Java\jdk-13.0.2\bin;C:\Program Files (x86)\Brackets\command;C:\ProgramData\chocolatey\bin;C:\Program Files\dotnet;C:\Program Files\Microsoft SQL Server\130\Tools\Binn;C:\Program Files\Microsoft SQL Server\Client SDK\ODBC\170\Tools\Binn;C:\Program Files (x86)\Calibre2;C:\Program Files\nodejs;C:\Program Files\Git\cmd;C:\Users\Mert Efe Işıkgör\AppData\Local\Programs\Python\Python38-32\Scripts;C:\Users\Mert Efe Işıkgör\AppData\Local\Programs\Python\Python38-32;C:\Users\Mert Efe Işıkgör\AppData\Local\Programs\AdoptOpenJDK\bin;C:\Users\Mert Efe Işıkgör\AppData\Local\Microsoft\WindowsApps;C:\Users\Mert Efe Işıkgör\AppData\Local\Programs\Microsoft VS Code\bin;C:\Program Files\JetBrains\IntelliJ IDEA Community Edition 2019.3.3\bin;C:\Program Files\JetBrains\PyCharm Community Edition 2019.3.3\bin;C:\Users\Mert Efe Işıkgör\AppData\Local\atom\bin;C:\Users\Mert Efe Işıkgör\AppData\Local\GitHubDesktop\bin;C:\Users\Mert Efe Işıkgör\.dotnet\tools;C:\Users\Mert Efe Işıkgör\AppData\Local\Microsoft\WindowsApps;C:\Users\Mert Efe Işıkgör\AppData\Roaming\npm
9 verbose lifecycle my-appp@0.1.0~start: CWD: C:\Users\Mert Efe Işıkgör\Desktop\nyx-bar-project
10 silly lifecycle my-appp@0.1.0~start: Args: [ '/d /s /c', 'npm run watch:css && react-scripts start' ]
11 silly lifecycle my-appp@0.1.0~start: Returned: code: 1  signal: null
12 info lifecycle my-appp@0.1.0~start: Failed to exec start script
13 verbose stack Error: my-appp@0.1.0 start: `npm run watch:css && react-scripts start`
13 verbose stack Exit status 1
13 verbose stack     at EventEmitter.<anonymous> (C:\Users\Mert Efe Işıkgör\AppData\Roaming\npm\node_modules\npm\node_modules\npm-lifecycle\index.js:332:16)
13 verbose stack     at EventEmitter.emit (events.js:314:20)
13 verbose stack     at ChildProcess.<anonymous> (C:\Users\Mert Efe Işıkgör\AppData\Roaming\npm\node_modules\npm\node_modules\npm-lifecycle\lib\spawn.js:55:14)
13 verbose stack     at ChildProcess.emit (events.js:314:20)
13 verbose stack     at maybeClose (internal/child_process.js:1047:16)
13 verbose stack     at Process.ChildProcess._handle.onexit (internal/child_process.js:287:5)
14 verbose pkgid my-appp@0.1.0
15 verbose cwd C:\Users\Mert Efe Işıkgör\Desktop\nyx-bar-project
16 verbose Windows_NT 10.0.19041
17 verbose argv "C:\\Program Files\\nodejs\\node.exe" "C:\\Users\\Mert Efe Işıkgör\\AppData\\Roaming\\npm\\node_modules\\npm\\bin\\npm-cli.js" "start"
18 verbose node v14.12.0
19 verbose npm  v6.14.8
20 error code ELIFECYCLE
21 error errno 1
22 error my-appp@0.1.0 start: `npm run watch:css && react-scripts start`
22 error Exit status 1
23 error Failed at the my-appp@0.1.0 start script.
23 error This is probably not a problem with npm. There is likely additional logging output above.
24 verbose exit [ 1, true ]
