0 info it worked if it ends with ok
1 verbose cli [
1 verbose cli   'C:\\Program Files\\nodejs\\node.exe',
1 verbose cli   'C:\\Users\\Mert Efe Işıkgör\\AppData\\Roaming\\npm\\node_modules\\npm\\bin\\npm-cli.js',
1 verbose cli   'install',
1 verbose cli   'tailwindcss',
1 verbose cli   'postcss-cli',
1 verbose cli   'autoprefixer',
1 verbose cli   '-D'
1 verbose cli ]
2 info using npm@6.14.8
3 info using node@v14.12.0
4 verbose npm-session e48d95a2a08f898a
5 silly install loadCurrentTree
6 silly install readLocalPackageData
7 http fetch GET 304 https://registry.npmjs.org/autoprefixer 364ms (from cache)
8 http fetch GET 200 https://registry.npmjs.org/postcss-cli 426ms
9 http fetch GET 200 https://registry.npmjs.org/autoprefixer/-/autoprefixer-10.0.1.tgz 160ms
10 silly pacote tag manifest for autoprefixer@latest fetched in 541ms
11 http fetch GET 200 https://registry.npmjs.org/postcss-cli/-/postcss-cli-8.0.0.tgz 119ms
12 http fetch GET 200 https://registry.npmjs.org/tailwindcss 550ms
13 silly pacote tag manifest for postcss-cli@latest fetched in 553ms
14 timing npm Completed in 4167ms
15 error cb() never called!
16 error This is an error with npm itself. Please report this error at:
17 error <https://npm.community>
